# JRE version: OpenJDK Runtime Environment (11.0.12+7) (build 11.0.12+7-b1504.28-7817840)
# Java VM: OpenJDK 64-Bit Server VM (11.0.12+7-b1504.28-7817840, mixed mode, tiered, compressed oops, g1 gc, windows-amd64)
Heap:
 garbage-first heap   total 262144K, used 196829K [0x0000000080000000, 0x0000000100000000)
  region size 1024K, 93 young (95232K), 10 survivors (10240K)
 Metaspace       used 144412K, capacity 149673K, committed 151340K, reserved 1181696K
  class space    used 17502K, capacity 19389K, committed 19584K, reserved 1048576K
GC Heap History (20 events):
Event: 18195.025 GC heap before
{Heap before GC invocations=141 (full 1):
 garbage-first heap   total 262144K, used 123027K [0x0000000080000000, 0x0000000100000000)
  region size 1024K, 12 young (12288K), 5 survivors (5120K)
 Metaspace       used 143529K, capacity 148644K, committed 148908K, reserved 1179648K
  class space    used 17479K, capacity 19368K, committed 19456K, reserved 1048576K
}
Event: 18195.034 GC heap after
{Heap after GC invocations=142 (full 1):
 garbage-first heap   total 262144K, used 116443K [0x0000000080000000, 0x0000000100000000)
  region size 1024K, 2 young (2048K), 2 survivors (2048K)
 Metaspace       used 143529K, capacity 148644K, committed 148908K, reserved 1179648K
  class space    used 17479K, capacity 19368K, committed 19456K, reserved 1048576K
}
Event: 18202.612 GC heap before
{Heap before GC invocations=142 (full 1):
 garbage-first heap   total 262144K, used 157403K [0x0000000080000000, 0x0000000100000000)
  region size 1024K, 44 young (45056K), 2 survivors (2048K)
 Metaspace       used 143556K, capacity 148665K, committed 148908K, reserved 1179648K
  class space    used 17483K, capacity 19374K, committed 19456K, reserved 1048576K
}
Event: 18202.626 GC heap after
{Heap after GC invocations=143 (full 1):
 garbage-first heap   total 262144K, used 119426K [0x0000000080000000, 0x0000000100000000)
  region size 1024K, 5 young (5120K), 5 survivors (5120K)
 Metaspace       used 143556K, capacity 148665K, committed 148908K, reserved 1179648K
  class space    used 17483K, capacity 19374K, committed 19456K, reserved 1048576K
}
Event: 18203.699 GC heap before
{Heap before GC invocations=144 (full 1):
 garbage-first heap   total 262144K, used 203394K [0x0000000080000000, 0x0000000100000000)
  region size 1024K, 81 young (82944K), 5 survivors (5120K)
 Metaspace       used 145829K, capacity 150980K, committed 151084K, reserved 1181696K
  class space    used 17619K, capacity 19502K, committed 19584K, reserved 1048576K
}
Event: 18203.706 GC heap after
{Heap after GC invocations=145 (full 1):
 garbage-first heap   total 262144K, used 121085K [0x0000000080000000, 0x0000000100000000)
  region size 1024K, 7 young (7168K), 7 survivors (7168K)
 Metaspace       used 145829K, capacity 150980K, committed 151084K, reserved 1181696K
  class space    used 17619K, capacity 19502K, committed 19584K, reserved 1048576K
}
Event: 18211.320 GC heap before
{Heap before GC invocations=145 (full 1):
 garbage-first heap   total 262144K, used 125181K [0x0000000080000000, 0x0000000100000000)
  region size 1024K, 12 young (12288K), 7 survivors (7168K)
 Metaspace       used 145845K, capacity 150980K, committed 151084K, reserved 1181696K
  class space    used 17619K, capacity 19502K, committed 19584K, reserved 1048576K
}
Event: 18211.329 GC heap after
{Heap after GC invocations=146 (full 1):
 garbage-first heap   total 262144K, used 109248K [0x0000000080000000, 0x0000000100000000)
  region size 1024K, 1 young (1024K), 1 survivors (1024K)
 Metaspace       used 145845K, capacity 150980K, committed 151084K, reserved 1181696K
  class space    used 17619K, capacity 19502K, committed 19584K, reserved 1048576K
}
Event: 18211.597 GC heap before
{Heap before GC invocations=146 (full 1):
 garbage-first heap   total 262144K, used 137920K [0x0000000080000000, 0x0000000100000000)
  region size 1024K, 31 young (31744K), 1 survivors (1024K)
 Metaspace       used 145926K, capacity 151116K, committed 151340K, reserved 1181696K
  class space    used 17620K, capacity 19503K, committed 19584K, reserved 1048576K
}
Event: 18211.603 GC heap after
{Heap after GC invocations=147 (full 1):
 garbage-first heap   total 262144K, used 109228K [0x0000000080000000, 0x0000000100000000)
  region size 1024K, 1 young (1024K), 1 survivors (1024K)
 Metaspace       used 145926K, capacity 151116K, committed 151340K, reserved 1181696K
  class space    used 17620K, capacity 19503K, committed 19584K, reserved 1048576K
}
Event: 18678.952 GC heap before
{Heap before GC invocations=148 (full 1):
 garbage-first heap   total 262144K, used 210604K [0x0000000080000000, 0x0000000100000000)
  region size 1024K, 90 young (92160K), 1 survivors (1024K)
 Metaspace       used 143958K, capacity 149121K, committed 151340K, reserved 1181696K
  class space    used 17486K, capacity 19361K, committed 19584K, reserved 1048576K
}
Event: 18678.961 GC heap after
{Heap after GC invocations=149 (full 1):
 garbage-first heap   total 262144K, used 116201K [0x0000000080000000, 0x0000000100000000)
  region size 1024K, 8 young (8192K), 8 survivors (8192K)
 Metaspace       used 143958K, capacity 149121K, committed 151340K, reserved 1181696K
  class space    used 17486K, capacity 19361K, committed 19584K, reserved 1048576K
}
Event: 18723.897 GC heap before
{Heap before GC invocations=149 (full 1):
 garbage-first heap   total 262144K, used 203241K [0x0000000080000000, 0x0000000100000000)
  region size 1024K, 94 young (96256K), 8 survivors (8192K)
 Metaspace       used 144100K, capacity 149214K, committed 151340K, reserved 1181696K
  class space    used 17489K, capacity 19367K, committed 19584K, reserved 1048576K
}
Event: 18723.921 GC heap after
{Heap after GC invocations=150 (full 1):
 garbage-first heap   total 262144K, used 117381K [0x0000000080000000, 0x0000000100000000)
  region size 1024K, 8 young (8192K), 8 survivors (8192K)
 Metaspace       used 144100K, capacity 149214K, committed 151340K, reserved 1181696K
  class space    used 17489K, capacity 19367K, committed 19584K, reserved 1048576K
}
Event: 19136.147 GC heap before
{Heap before GC invocations=151 (full 1):
 garbage-first heap   total 262144K, used 214661K [0x0000000080000000, 0x0000000100000000)
  region size 1024K, 94 young (96256K), 8 survivors (8192K)
 Metaspace       used 144182K, capacity 149351K, committed 151340K, reserved 1181696K
  class space    used 17490K, capacity 19368K, committed 19584K, reserved 1048576K
}
Event: 19136.151 GC heap after
{Heap after GC invocations=152 (full 1):
 garbage-first heap   total 262144K, used 112766K [0x0000000080000000, 0x0000000100000000)
  region size 1024K, 3 young (3072K), 3 survivors (3072K)
 Metaspace       used 144182K, capacity 149351K, committed 151340K, reserved 1181696K
  class space    used 17490K, capacity 19368K, committed 19584K, reserved 1048576K
}
Event: 19136.184 GC heap before
{Heap before GC invocations=152 (full 1):
 garbage-first heap   total 262144K, used 120958K [0x0000000080000000, 0x0000000100000000)
  region size 1024K, 12 young (12288K), 3 survivors (3072K)
 Metaspace       used 144203K, capacity 149416K, committed 151340K, reserved 1181696K
  class space    used 17490K, capacity 19368K, committed 19584K, reserved 1048576K
}
Event: 19136.190 GC heap after
{Heap after GC invocations=153 (full 1):
 garbage-first heap   total 262144K, used 105393K [0x0000000080000000, 0x0000000100000000)
  region size 1024K, 2 young (2048K), 2 survivors (2048K)
 Metaspace       used 144203K, capacity 149416K, committed 151340K, reserved 1181696K
  class space    used 17490K, capacity 19368K, committed 19584K, reserved 1048576K
}
Event: 19176.830 GC heap before
{Heap before GC invocations=153 (full 1):
 garbage-first heap   total 262144K, used 203697K [0x0000000080000000, 0x0000000100000000)
  region size 1024K, 99 young (101376K), 2 survivors (2048K)
 Metaspace       used 144294K, capacity 149454K, committed 151340K, reserved 1181696K
  class space    used 17494K, capacity 19374K, committed 19584K, reserved 1048576K
}
Event: 19176.852 GC heap after
{Heap after GC invocations=154 (full 1):
 garbage-first heap   total 262144K, used 113885K [0x0000000080000000, 0x0000000100000000)
  region size 1024K, 10 young (10240K), 10 survivors (10240K)
 Metaspace       used 144294K, capacity 149454K, committed 151340K, reserved 1181696K
  class space    used 17494K, capacity 19374K, committed 19584K, reserved 1048576K
}

