# JRE version: OpenJDK Runtime Environment (11.0.12+7) (build 11.0.12+7-b1504.28-7817840)
# Java VM: OpenJDK 64-Bit Server VM (11.0.12+7-b1504.28-7817840, mixed mode, tiered, compressed oops, g1 gc, windows-amd64)
Heap:
 garbage-first heap   total 325632K, used 47599K [0x0000000701a00000, 0x0000000800000000)
  region size 1024K, 16 young (16384K), 16 survivors (16384K)
 Metaspace       used 59431K, capacity 60121K, committed 60208K, reserved 1101824K
  class space    used 6719K, capacity 6993K, committed 7040K, reserved 1048576K
GC Heap History (13 events):
Event: 0.888 GC heap before
{Heap before GC invocations=0 (full 0):
 garbage-first heap   total 262144K, used 27648K [0x0000000701a00000, 0x0000000800000000)
  region size 1024K, 24 young (24576K), 0 survivors (0K)
 Metaspace       used 12350K, capacity 12504K, committed 12800K, reserved 1060864K
  class space    used 1165K, capacity 1207K, committed 1280K, reserved 1048576K
}
Event: 0.892 GC heap after
{Heap after GC invocations=1 (full 0):
 garbage-first heap   total 262144K, used 5744K [0x0000000701a00000, 0x0000000800000000)
  region size 1024K, 3 young (3072K), 3 survivors (3072K)
 Metaspace       used 12350K, capacity 12504K, committed 12800K, reserved 1060864K
  class space    used 1165K, capacity 1207K, committed 1280K, reserved 1048576K
}
Event: 1.722 GC heap before
{Heap before GC invocations=1 (full 0):
 garbage-first heap   total 262144K, used 40560K [0x0000000701a00000, 0x0000000800000000)
  region size 1024K, 38 young (38912K), 3 survivors (3072K)
 Metaspace       used 20895K, capacity 21174K, committed 21296K, reserved 1069056K
  class space    used 2269K, capacity 2379K, committed 2432K, reserved 1048576K
}
Event: 1.752 GC heap after
{Heap after GC invocations=2 (full 0):
 garbage-first heap   total 262144K, used 9439K [0x0000000701a00000, 0x0000000800000000)
  region size 1024K, 7 young (7168K), 7 survivors (7168K)
 Metaspace       used 20895K, capacity 21174K, committed 21296K, reserved 1069056K
  class space    used 2269K, capacity 2379K, committed 2432K, reserved 1048576K
}
Event: 3.172 GC heap before
{Heap before GC invocations=3 (full 0):
 garbage-first heap   total 262144K, used 63711K [0x0000000701a00000, 0x0000000800000000)
  region size 1024K, 55 young (56320K), 7 survivors (7168K)
 Metaspace       used 32464K, capacity 32989K, committed 33200K, reserved 1079296K
  class space    used 4095K, capacity 4293K, committed 4352K, reserved 1048576K
}
Event: 3.184 GC heap after
{Heap after GC invocations=4 (full 0):
 garbage-first heap   total 262144K, used 20169K [0x0000000701a00000, 0x0000000800000000)
  region size 1024K, 7 young (7168K), 7 survivors (7168K)
 Metaspace       used 32464K, capacity 32989K, committed 33200K, reserved 1079296K
  class space    used 4095K, capacity 4293K, committed 4352K, reserved 1048576K
}
Event: 3.376 GC heap before
{Heap before GC invocations=4 (full 0):
 garbage-first heap   total 262144K, used 25289K [0x0000000701a00000, 0x0000000800000000)
  region size 1024K, 12 young (12288K), 7 survivors (7168K)
 Metaspace       used 33766K, capacity 34303K, committed 34352K, reserved 1079296K
  class space    used 4258K, capacity 4454K, committed 4480K, reserved 1048576K
}
Event: 3.389 GC heap after
{Heap after GC invocations=5 (full 0):
 garbage-first heap   total 262144K, used 21663K [0x0000000701a00000, 0x0000000800000000)
  region size 1024K, 2 young (2048K), 2 survivors (2048K)
 Metaspace       used 33766K, capacity 34303K, committed 34352K, reserved 1079296K
  class space    used 4258K, capacity 4454K, committed 4480K, reserved 1048576K
}
Event: 3.516 GC heap before
{Heap before GC invocations=5 (full 0):
 garbage-first heap   total 262144K, used 27807K [0x0000000701a00000, 0x0000000800000000)
  region size 1024K, 9 young (9216K), 2 survivors (2048K)
 Metaspace       used 35252K, capacity 35743K, committed 35888K, reserved 1081344K
  class space    used 4414K, capacity 4614K, committed 4736K, reserved 1048576K
}
Event: 3.517 GC heap after
{Heap after GC invocations=6 (full 0):
 garbage-first heap   total 262144K, used 21512K [0x0000000701a00000, 0x0000000800000000)
  region size 1024K, 2 young (2048K), 2 survivors (2048K)
 Metaspace       used 35252K, capacity 35743K, committed 35888K, reserved 1081344K
  class space    used 4414K, capacity 4614K, committed 4736K, reserved 1048576K
}
Event: 5.770 GC heap before
{Heap before GC invocations=7 (full 0):
 garbage-first heap   total 262144K, used 130056K [0x0000000701a00000, 0x0000000800000000)
  region size 1024K, 105 young (107520K), 2 survivors (2048K)
 Metaspace       used 51452K, capacity 52046K, committed 52400K, reserved 1095680K
  class space    used 6063K, capacity 6286K, committed 6400K, reserved 1048576K
}
Event: 5.794 GC heap after
{Heap after GC invocations=8 (full 0):
 garbage-first heap   total 262144K, used 31561K [0x0000000701a00000, 0x0000000800000000)
  region size 1024K, 11 young (11264K), 11 survivors (11264K)
 Metaspace       used 51452K, capacity 52046K, committed 52400K, reserved 1095680K
  class space    used 6063K, capacity 6286K, committed 6400K, reserved 1048576K
}
Event: 9.403 GC heap before
{Heap before GC invocations=8 (full 0):
 garbage-first heap   total 262144K, used 134985K [0x0000000701a00000, 0x0000000800000000)
  region size 1024K, 114 young (116736K), 11 survivors (11264K)
 Metaspace       used 59431K, capacity 60121K, committed 60208K, reserved 1101824K
  class space    used 6719K, capacity 6993K, committed 7040K, reserved 1048576K
}

