# JRE version: OpenJDK Runtime Environment (11.0.12+7) (build 11.0.12+7-b1504.28-7817840)
# Java VM: OpenJDK 64-Bit Server VM (11.0.12+7-b1504.28-7817840, mixed mode, tiered, compressed oops, g1 gc, windows-amd64)
Heap:
 garbage-first heap   total 315392K, used 97293K [0x0000000701a00000, 0x0000000800000000)
  region size 1024K, 75 young (76800K), 2 survivors (2048K)
 Metaspace       used 49537K, capacity 50081K, committed 50352K, reserved 1097728K
  class space    used 5840K, capacity 6078K, committed 6144K, reserved 1048576K
GC Heap History (10 events):
Event: 0.473 GC heap before
{Heap before GC invocations=0 (full 0):
 garbage-first heap   total 262144K, used 27648K [0x0000000701a00000, 0x0000000800000000)
  region size 1024K, 24 young (24576K), 0 survivors (0K)
 Metaspace       used 12361K, capacity 12504K, committed 12800K, reserved 1060864K
  class space    used 1166K, capacity 1207K, committed 1280K, reserved 1048576K
}
Event: 0.476 GC heap after
{Heap after GC invocations=1 (full 0):
 garbage-first heap   total 262144K, used 5782K [0x0000000701a00000, 0x0000000800000000)
  region size 1024K, 3 young (3072K), 3 survivors (3072K)
 Metaspace       used 12361K, capacity 12504K, committed 12800K, reserved 1060864K
  class space    used 1166K, capacity 1207K, committed 1280K, reserved 1048576K
}
Event: 0.992 GC heap before
{Heap before GC invocations=1 (full 0):
 garbage-first heap   total 262144K, used 40598K [0x0000000701a00000, 0x0000000800000000)
  region size 1024K, 38 young (38912K), 3 survivors (3072K)
 Metaspace       used 20878K, capacity 21174K, committed 21296K, reserved 1069056K
  class space    used 2266K, capacity 2379K, committed 2432K, reserved 1048576K
}
Event: 1.002 GC heap after
{Heap after GC invocations=2 (full 0):
 garbage-first heap   total 262144K, used 9131K [0x0000000701a00000, 0x0000000800000000)
  region size 1024K, 6 young (6144K), 6 survivors (6144K)
 Metaspace       used 20878K, capacity 21174K, committed 21296K, reserved 1069056K
  class space    used 2266K, capacity 2379K, committed 2432K, reserved 1048576K
}
Event: 1.738 GC heap before
{Heap before GC invocations=3 (full 0):
 garbage-first heap   total 262144K, used 63403K [0x0000000701a00000, 0x0000000800000000)
  region size 1024K, 54 young (55296K), 6 survivors (6144K)
 Metaspace       used 32435K, capacity 32922K, committed 33200K, reserved 1079296K
  class space    used 4092K, capacity 4292K, committed 4352K, reserved 1048576K
}
Event: 1.749 GC heap after
{Heap after GC invocations=4 (full 0):
 garbage-first heap   total 262144K, used 20170K [0x0000000701a00000, 0x0000000800000000)
  region size 1024K, 7 young (7168K), 7 survivors (7168K)
 Metaspace       used 32435K, capacity 32922K, committed 33200K, reserved 1079296K
  class space    used 4092K, capacity 4292K, committed 4352K, reserved 1048576K
}
Event: 1.899 GC heap before
{Heap before GC invocations=4 (full 0):
 garbage-first heap   total 262144K, used 31434K [0x0000000701a00000, 0x0000000800000000)
  region size 1024K, 18 young (18432K), 7 survivors (7168K)
 Metaspace       used 35001K, capacity 35519K, committed 35760K, reserved 1081344K
  class space    used 4388K, capacity 4582K, committed 4608K, reserved 1048576K
}
Event: 1.906 GC heap after
{Heap after GC invocations=5 (full 0):
 garbage-first heap   total 262144K, used 22062K [0x0000000701a00000, 0x0000000800000000)
  region size 1024K, 2 young (2048K), 2 survivors (2048K)
 Metaspace       used 35001K, capacity 35519K, committed 35760K, reserved 1081344K
  class space    used 4388K, capacity 4582K, committed 4608K, reserved 1048576K
}
Event: 1.920 GC heap before
{Heap before GC invocations=5 (full 0):
 garbage-first heap   total 262144K, used 23086K [0x0000000701a00000, 0x0000000800000000)
  region size 1024K, 4 young (4096K), 2 survivors (2048K)
 Metaspace       used 35239K, capacity 35743K, committed 35888K, reserved 1081344K
  class space    used 4408K, capacity 4614K, committed 4736K, reserved 1048576K
}
Event: 1.923 GC heap after
{Heap after GC invocations=6 (full 0):
 garbage-first heap   total 315392K, used 21517K [0x0000000701a00000, 0x0000000800000000)
  region size 1024K, 2 young (2048K), 2 survivors (2048K)
 Metaspace       used 35239K, capacity 35743K, committed 35888K, reserved 1081344K
  class space    used 4408K, capacity 4614K, committed 4736K, reserved 1048576K
}

